==================== SSR started ====================
SimpleScreenRecorder 0.4.3
Compiled with GCC 12.2.0
Qt: header 5.15.9, lib 5.15.9
libavformat: header 58.76.100, lib 58.76.100
libavcodec: header 58.134.100, lib 58.134.100
libavutil: header 56.70.100, lib 56.70.100
libswscale: header 5.9.100, lib 5.9.100
[CPUFeatures::Detect] CPU features: mmx sse sse2 sse3 ssse3 sse4_1 sse4_2 avx avx2 bmi1 bmi2
[ALSAInput::GetSourceList] Generating source list ...
[ALSAInput::GetSourceList] Found plugin: [pipewire] PipeWire Sound Server
[ALSAInput::GetSourceList] Found card: [hw:0] HDA Intel PCH
[ALSAInput::GetSourceList] Found device: [hw:0,0] HDA Intel PCH: ALC3246 Analog
[PulseAudioInput::GetSourceList] Generating source list ...
[SourceNamesCallback] Found source: [alsa_output.pci-0000_00_1f.3.analog-stereo.monitor] Monitor of Built-in Audio Analog Stereo
[SourceNamesCallback] Found source: [alsa_input.pci-0000_00_1f.3.analog-stereo] Built-in Audio Analog Stereo
[1;31m[PageRecord::OnStdin] Standard input read error (ioctl).[0m
[PageRecord::StartPage] Starting page ...
[PageRecord::StartPage] Started page.
[PageRecord::StartOutput] Starting output ...
[Muxer::Init] Using format mp4 (MP4 (MPEG-4 Part 14)).
[Muxer::AddStream] Using codec libx264 (libx264 H.264 / AVC / MPEG-4 AVC / MPEG-4 part 10).
[VideoEncoder::PrepareStream] Using pixel format nv12.
[2m[libx264 @ 0x11b1e00] using SAR=1/1[0m
[2m[libx264 @ 0x11b1e00] using cpu capabilities: MMX2 SSE2Fast SSSE3 SSE4.2 AVX FMA3 BMI2 AVX2[0m
[2m[libx264 @ 0x11b1e00] profile High, level 3.0, 4:2:0, 8-bit[0m
[2m[libx264 @ 0x11b1e00] 264 - core 163 - H.264/MPEG-4 AVC codec - Copyleft 2003-2021 - http://www.videolan.org/x264.html - options: cabac=1 ref=1 deblock=1:0:0 analyse=0x3:0x3 me=dia subme=1 psy=1 psy_rd=1.00:0.00 mixed_ref=0 me_range=16 chroma_me=1 trellis=0 8x8dct=1 cqm=0 deadzone=21,11 fast_pskip=1 chroma_qp_offset=0 threads=4 lookahead_threads=1 sliced_threads=0 nr=0 decimate=1 interlaced=0 bluray_compat=0 constrained_intra=0 bframes=3 b_pyramid=2 b_adapt=1 b_bias=0 direct=1 weightb=1 open_gop=0 weightp=1 keyint=250 keyint_min=25 scenecut=40 intra_refresh=0 rc=crf mbtree=0 crf=23.0 qcomp=0.60 qpmin=0 qpmax=69 qpstep=4 ip_ratio=1.40 pb_ratio=1.30 aq=1:1.00[0m
[BaseEncoder::EncoderThread] Encoder thread started.
[Muxer::MuxerThread] Muxer thread started.
[PageRecord::StartOutput] Started output.
[Synchronizer::SynchronizerThread] Synchronizer thread started.
[PageRecord::StartInput] Starting input ...
[X11Input::Init] Using X11 shared memory.
[PageRecord::StartInput] Started input.
[X11Input::InputThread] Input thread started.
[PageRecord::StopOutput] Stopping output ...
[PageRecord::StopOutput] Stopped output.
[PageRecord::StopInput] Stopping input ...
[X11Input::~X11Input] Stopping input thread ...
[X11Input::InputThread] Input thread stopped.
[PageRecord::StopInput] Stopped input.
[PageRecord::StopPage] Stopping page ...
[Synchronizer::~Synchronizer] Stopping synchronizer thread ...
[Synchronizer::SynchronizerThread] Synchronizer thread stopped.
[Muxer::Finish] Finishing encoders ...
[BaseEncoder::EncoderThread] Flushing encoder ...
[BaseEncoder::EncoderThread] Encoder thread stopped.
[Muxer::MuxerThread] Muxer thread stopped.
[Muxer::~Muxer] Stopping encoders ...
[Muxer::~Muxer] Waiting for muxer thread to stop ...
[BaseEncoder::~BaseEncoder] Stopping encoder thread ...
[2m[libx264 @ 0x11b1e00] frame I:2     Avg QP:11.97  size: 17301[0m
[2m[libx264 @ 0x11b1e00] frame P:95    Avg QP:20.33  size:  3099[0m
[2m[libx264 @ 0x11b1e00] frame B:279   Avg QP:20.13  size:    36[0m
[2m[libx264 @ 0x11b1e00] consecutive B-frames:  1.1%  0.0%  0.0% 98.9%[0m
[2m[libx264 @ 0x11b1e00] mb I  I16..4: 62.5%  5.4% 32.1%[0m
[2m[libx264 @ 0x11b1e00] mb P  I16..4:  2.8%  0.0%  0.0%  P16..4: 28.1%  0.0%  0.0%  0.0%  0.0%    skip:69.2%[0m
[2m[libx264 @ 0x11b1e00] mb B  I16..4:  0.0%  0.0%  0.0%  B16..8:  0.8%  0.0%  0.0%  direct: 0.2%  skip:99.0%  L0:29.0% L1:70.9% BI: 0.1%[0m
[2m[libx264 @ 0x11b1e00] 8x8 transform intra:2.4% inter:0.2%[0m
[2m[libx264 @ 0x11b1e00] coded y,uvDC,uvAC intra: 15.4% 0.0% 0.0% inter: 2.6% 0.0% 0.0%[0m
[2m[libx264 @ 0x11b1e00] i16 v,h,dc,p: 89%  4%  6%  0%[0m
[2m[libx264 @ 0x11b1e00] i8 v,h,dc,ddl,ddr,vr,hd,vl,hu: 20% 14% 38%  4%  5%  4%  5%  1%  9%[0m
[2m[libx264 @ 0x11b1e00] i4 v,h,dc,ddl,ddr,vr,hd,vl,hu: 42% 26% 15%  4%  3%  1%  4%  1%  4%[0m
[2m[libx264 @ 0x11b1e00] i8c dc,h,v,p: 100%  0%  0%  0%[0m
[2m[libx264 @ 0x11b1e00] Weighted P-Frames: Y:0.0% UV:0.0%[0m
[2m[libx264 @ 0x11b1e00] kb/s:216.48[0m
[PageRecord::StopPage] Stopped page.
==================== SSR stopped ====================
